{"numTotalTestSuites":181,"numPassedTestSuites":179,"numFailedTestSuites":2,"numPendingTestSuites":0,"numTotalTests":536,"numPassedTests":530,"numFailedTests":6,"numPendingTests":0,"numTodoTests":0,"startTime":1764344903470,"success":false,"testResults":[{"assertionResults":[{"ancestorTitles":["","health endpoint"],"fullName":" health endpoint returns ok status","status":"passed","title":"returns ok status","duration":210,"failureMessages":[]}],"startTime":1764344920619,"endTime":1764344920829,"status":"passed","message":"","name":"C:/dev/app-FRESH/backend/src/routes/health.test.ts"},{"assertionResults":[{"ancestorTitles":["","hasRole"],"fullName":" hasRole returns true when role is present in roles array","status":"passed","title":"returns true when role is present in roles array","duration":244,"failureMessages":[]},{"ancestorTitles":["","hasRole"],"fullName":" hasRole returns false when required role is missing","status":"passed","title":"returns false when required role is missing","duration":181,"failureMessages":[]},{"ancestorTitles":["","hasRole"],"fullName":" hasRole handles legacy single role property","status":"passed","title":"handles legacy single role property","duration":191,"failureMessages":[]},{"ancestorTitles":["","requireTenantAdminOrPlatform"],"fullName":" requireTenantAdminOrPlatform allows platform admin tokens","status":"passed","title":"allows platform admin tokens","duration":150,"failureMessages":[]},{"ancestorTitles":["","requireTenantAdminOrPlatform"],"fullName":" requireTenantAdminOrPlatform allows tenant admins for their own tenant","status":"passed","title":"allows tenant admins for their own tenant","duration":152,"failureMessages":[]},{"ancestorTitles":["","requireTenantAdminOrPlatform"],"fullName":" requireTenantAdminOrPlatform rejects tenant admins for other tenants","status":"passed","title":"rejects tenant admins for other tenants","duration":140,"failureMessages":[]},{"ancestorTitles":["","requireTenantAdminOrPlatform"],"fullName":" requireTenantAdminOrPlatform rejects members without admin role","status":"passed","title":"rejects members without admin role","duration":131,"failureMessages":[]}],"startTime":1764344920450,"endTime":1764344921812,"status":"passed","message":"","name":"C:/dev/app-FRESH/backend/src/services/auth.test.ts"},{"assertionResults":[{"ancestorTitles":["","gas client"],"fullName":" gas client builds a JSON payload containing the action","status":"passed","title":"builds a JSON payload containing the action","duration":292,"failureMessages":[]},{"ancestorTitles":["","gas client"],"fullName":" gas client exposes the gasCall function","status":"passed","title":"exposes the gasCall function","duration":315,"failureMessages":[]}],"startTime":1764344919609,"endTime":1764344920216,"status":"passed","message":"","name":"C:/dev/app-FRESH/backend/src/services/gas.test.ts"},{"assertionResults":[{"ancestorTitles":["","Admin Routes","getAdminStats"],"fullName":" Admin Routes getAdminStats returns dashboard statistics","status":"passed","title":"returns dashboard statistics","duration":118,"failureMessages":[]},{"ancestorTitles":["","Admin Routes","getAdminStats"],"fullName":" Admin Routes getAdminStats requires admin authentication","status":"passed","title":"requires admin authentication","duration":107,"failureMessages":[]},{"ancestorTitles":["","Admin Routes","listTenants"],"fullName":" Admin Routes listTenants lists all tenants with pagination","status":"passed","title":"lists all tenants with pagination","duration":96,"failureMessages":[]},{"ancestorTitles":["","Admin Routes","listTenants"],"fullName":" Admin Routes listTenants filters tenants by status","status":"passed","title":"filters tenants by status","duration":89,"failureMessages":[]},{"ancestorTitles":["","Admin Routes","listTenants"],"fullName":" Admin Routes listTenants filters tenants by plan","status":"passed","title":"filters tenants by plan","duration":75,"failureMessages":[]},{"ancestorTitles":["","Admin Routes","getTenant"],"fullName":" Admin Routes getTenant returns tenant details with usage history","status":"passed","title":"returns tenant details with usage history","duration":78,"failureMessages":[]},{"ancestorTitles":["","Admin Routes","getTenant"],"fullName":" Admin Routes getTenant returns 404 for non-existent tenant","status":"passed","title":"returns 404 for non-existent tenant","duration":79,"failureMessages":[]},{"ancestorTitles":["","Admin Routes","updateTenant"],"fullName":" Admin Routes updateTenant updates tenant status","status":"passed","title":"updates tenant status","duration":49,"failureMessages":[]},{"ancestorTitles":["","Admin Routes","updateTenant"],"fullName":" Admin Routes updateTenant updates tenant plan","status":"passed","title":"updates tenant plan","duration":42,"failureMessages":[]},{"ancestorTitles":["","Admin Routes","updateTenant"],"fullName":" Admin Routes updateTenant updates comped flag","status":"passed","title":"updates comped flag","duration":40,"failureMessages":[]},{"ancestorTitles":["","Admin Routes","updateTenant"],"fullName":" Admin Routes updateTenant rejects invalid status","status":"passed","title":"rejects invalid status","duration":43,"failureMessages":[]},{"ancestorTitles":["","Admin Routes","updateTenant"],"fullName":" Admin Routes updateTenant returns error when no fields to update","status":"passed","title":"returns error when no fields to update","duration":39,"failureMessages":[]},{"ancestorTitles":["","Admin Routes","deactivateTenant"],"fullName":" Admin Routes deactivateTenant deactivates a tenant","status":"passed","title":"deactivates a tenant","duration":35,"failureMessages":[]},{"ancestorTitles":["","Admin Routes","deactivateTenant"],"fullName":" Admin Routes deactivateTenant protects syston tenant from deactivation","status":"passed","title":"protects syston tenant from deactivation","duration":29,"failureMessages":[]},{"ancestorTitles":["","Admin Routes","deactivateTenant"],"fullName":" Admin Routes deactivateTenant returns 404 for non-existent tenant","status":"passed","title":"returns 404 for non-existent tenant","duration":29,"failureMessages":[]},{"ancestorTitles":["","Admin Routes","deleteTenant"],"fullName":" Admin Routes deleteTenant deletes a tenant and related data","status":"passed","title":"deletes a tenant and related data","duration":28,"failureMessages":[]},{"ancestorTitles":["","Admin Routes","deleteTenant"],"fullName":" Admin Routes deleteTenant protects syston tenant from deletion","status":"passed","title":"protects syston tenant from deletion","duration":25,"failureMessages":[]},{"ancestorTitles":["","Admin Routes","listPromoCodes"],"fullName":" Admin Routes listPromoCodes lists all promo codes","status":"passed","title":"lists all promo codes","duration":20,"failureMessages":[]},{"ancestorTitles":["","Admin Routes","createPromoCode"],"fullName":" Admin Routes createPromoCode creates a new promo code","status":"passed","title":"creates a new promo code","duration":23,"failureMessages":[]},{"ancestorTitles":["","Admin Routes","createPromoCode"],"fullName":" Admin Routes createPromoCode rejects duplicate promo code","status":"passed","title":"rejects duplicate promo code","duration":20,"failureMessages":[]},{"ancestorTitles":["","Admin Routes","createPromoCode"],"fullName":" Admin Routes createPromoCode validates promo code format","status":"passed","title":"validates promo code format","duration":19,"failureMessages":[]},{"ancestorTitles":["","Admin Routes","createPromoCode"],"fullName":" Admin Routes createPromoCode validates discount percent range","status":"passed","title":"validates discount percent range","duration":18,"failureMessages":[]},{"ancestorTitles":["","Admin Routes","deactivatePromoCode"],"fullName":" Admin Routes deactivatePromoCode deactivates a promo code","status":"passed","title":"deactivates a promo code","duration":15,"failureMessages":[]},{"ancestorTitles":["","Admin Routes","deactivatePromoCode"],"fullName":" Admin Routes deactivatePromoCode returns 404 for non-existent promo code","status":"passed","title":"returns 404 for non-existent promo code","duration":16,"failureMessages":[]},{"ancestorTitles":["","Admin Routes","listUsers"],"fullName":" Admin Routes listUsers lists users for a tenant","status":"passed","title":"lists users for a tenant","duration":14,"failureMessages":[]},{"ancestorTitles":["","Admin Routes","listUsers"],"fullName":" Admin Routes listUsers requires tenantId parameter","status":"passed","title":"requires tenantId parameter","duration":17,"failureMessages":[]},{"ancestorTitles":["","Admin Routes","listUsers"],"fullName":" Admin Routes listUsers filters users by role","status":"passed","title":"filters users by role","duration":15,"failureMessages":[]}],"startTime":1764344922199,"endTime":1764344923742,"status":"passed","message":"","name":"C:/dev/app-FRESH/backend/src/routes/__tests__/admin.test.ts"},{"assertionResults":[],"startTime":1764344903470,"endTime":1764344903470,"status":"failed","message":"Transform failed with 1 error:\nC:/dev/app-FRESH/backend/src/routes/__tests__/auth.test.ts:285:0: ERROR: Unexpected \"}\"","name":"C:/dev/app-FRESH/backend/src/routes/__tests__/auth.test.ts"},{"assertionResults":[{"ancestorTitles":["","Magic Link Authentication","handleMagicStart"],"fullName":" Magic Link Authentication handleMagicStart sends magic link email for valid email","status":"passed","title":"sends magic link email for valid email","duration":128,"failureMessages":[]},{"ancestorTitles":["","Magic Link Authentication","handleMagicStart"],"fullName":" Magic Link Authentication handleMagicStart normalizes email to lowercase","status":"passed","title":"normalizes email to lowercase","duration":125,"failureMessages":[]},{"ancestorTitles":["","Magic Link Authentication","handleMagicStart"],"fullName":" Magic Link Authentication handleMagicStart defaults to platform tenant when not specified","status":"passed","title":"defaults to platform tenant when not specified","duration":105,"failureMessages":[]},{"ancestorTitles":["","Magic Link Authentication","handleMagicStart"],"fullName":" Magic Link Authentication handleMagicStart requires email in request body","status":"passed","title":"requires email in request body","duration":96,"failureMessages":[]},{"ancestorTitles":["","Magic Link Authentication","handleMagicStart"],"fullName":" Magic Link Authentication handleMagicStart rejects empty email","status":"passed","title":"rejects empty email","duration":118,"failureMessages":[]},{"ancestorTitles":["","Magic Link Authentication","handleMagicStart"],"fullName":" Magic Link Authentication handleMagicStart fetches tenant name for personalized email","status":"passed","title":"fetches tenant name for personalized email","duration":89,"failureMessages":[]},{"ancestorTitles":["","Magic Link Authentication","handleMagicStart"],"fullName":" Magic Link Authentication handleMagicStart handles database errors gracefully","status":"passed","title":"handles database errors gracefully","duration":76,"failureMessages":[]},{"ancestorTitles":["","Magic Link Authentication","handleMagicStart"],"fullName":" Magic Link Authentication handleMagicStart generates valid JWT token with 24h expiry","status":"passed","title":"generates valid JWT token with 24h expiry","duration":81,"failureMessages":[]},{"ancestorTitles":["","Magic Link Authentication","handleMagicStart"],"fullName":" Magic Link Authentication handleMagicStart continues even if email send fails","status":"passed","title":"continues even if email send fails","duration":81,"failureMessages":[]},{"ancestorTitles":["","Magic Link Authentication","handleMagicVerify"],"fullName":" Magic Link Authentication handleMagicVerify verifies valid magic link token","status":"passed","title":"verifies valid magic link token","duration":73,"failureMessages":[]},{"ancestorTitles":["","Magic Link Authentication","handleMagicVerify"],"fullName":" Magic Link Authentication handleMagicVerify sets HttpOnly session cookie","status":"passed","title":"sets HttpOnly session cookie","duration":50,"failureMessages":[]},{"ancestorTitles":["","Magic Link Authentication","handleMagicVerify"],"fullName":" Magic Link Authentication handleMagicVerify session JWT has 7 day expiry","status":"passed","title":"session JWT has 7 day expiry","duration":47,"failureMessages":[]},{"ancestorTitles":["","Magic Link Authentication","handleMagicVerify"],"fullName":" Magic Link Authentication handleMagicVerify requires token parameter","status":"passed","title":"requires token parameter","duration":41,"failureMessages":[]},{"ancestorTitles":["","Magic Link Authentication","handleMagicVerify"],"fullName":" Magic Link Authentication handleMagicVerify rejects expired magic link token","status":"passed","title":"rejects expired magic link token","duration":44,"failureMessages":[]},{"ancestorTitles":["","Magic Link Authentication","handleMagicVerify"],"fullName":" Magic Link Authentication handleMagicVerify rejects token with wrong signature","status":"passed","title":"rejects token with wrong signature","duration":36,"failureMessages":[]},{"ancestorTitles":["","Magic Link Authentication","handleMagicVerify"],"fullName":" Magic Link Authentication handleMagicVerify rejects invalid token format","status":"passed","title":"rejects invalid token format","duration":35,"failureMessages":[]},{"ancestorTitles":["","Magic Link Authentication","handleMagicVerify"],"fullName":" Magic Link Authentication handleMagicVerify transfers tenantId from magic link to session","status":"passed","title":"transfers tenantId from magic link to session","duration":31,"failureMessages":[]},{"ancestorTitles":["","Magic Link Authentication","Magic Link Security"],"fullName":" Magic Link Authentication Magic Link Security magic link token is single-use (not tested in code, but recommended)","status":"passed","title":"magic link token is single-use (not tested in code, but recommended)","duration":24,"failureMessages":[]},{"ancestorTitles":["","Magic Link Authentication","Magic Link Security"],"fullName":" Magic Link Authentication Magic Link Security uses syston-admin audience for admin console","status":"passed","title":"uses syston-admin audience for admin console","duration":29,"failureMessages":[]},{"ancestorTitles":["","Magic Link Authentication","Magic Link Security"],"fullName":" Magic Link Authentication Magic Link Security rejects magic link with wrong audience","status":"passed","title":"rejects magic link with wrong audience","duration":31,"failureMessages":[]}],"startTime":1764344921998,"endTime":1764344923439,"status":"passed","message":"","name":"C:/dev/app-FRESH/backend/src/routes/__tests__/magic.test.ts"},{"assertionResults":[{"ancestorTitles":["","Provisioning Routes","handleProvisionQueue"],"fullName":" Provisioning Routes handleProvisionQueue queues provisioning with valid service JWT","status":"passed","title":"queues provisioning with valid service JWT","duration":125,"failureMessages":[]},{"ancestorTitles":["","Provisioning Routes","handleProvisionQueue"],"fullName":" Provisioning Routes handleProvisionQueue rejects requests without service JWT","status":"passed","title":"rejects requests without service JWT","duration":127,"failureMessages":[]},{"ancestorTitles":["","Provisioning Routes","handleProvisionQueue"],"fullName":" Provisioning Routes handleProvisionQueue rejects requests with invalid service JWT","status":"passed","title":"rejects requests with invalid service JWT","duration":123,"failureMessages":[]},{"ancestorTitles":["","Provisioning Routes","handleProvisionQueue"],"fullName":" Provisioning Routes handleProvisionQueue requires tenantId in request body","status":"passed","title":"requires tenantId in request body","duration":104,"failureMessages":[]},{"ancestorTitles":["","Provisioning Routes","handleProvisionQueue"],"fullName":" Provisioning Routes handleProvisionQueue returns 404 for non-existent tenant","status":"passed","title":"returns 404 for non-existent tenant","duration":107,"failureMessages":[]},{"ancestorTitles":["","Provisioning Routes","handleProvisionQueue"],"fullName":" Provisioning Routes handleProvisionQueue retries provisioning on failure","status":"passed","title":"retries provisioning on failure","duration":1991,"failureMessages":[]},{"ancestorTitles":["","Provisioning Routes","handleProvisionQueue"],"fullName":" Provisioning Routes handleProvisionQueue returns error after max retry attempts","status":"passed","title":"returns error after max retry attempts","duration":6272,"failureMessages":[]},{"ancestorTitles":["","Provisioning Routes","handleProvisionStatus"],"fullName":" Provisioning Routes handleProvisionStatus returns provisioning status for authorized user","status":"passed","title":"returns provisioning status for authorized user","duration":13,"failureMessages":[]},{"ancestorTitles":["","Provisioning Routes","handleProvisionStatus"],"fullName":" Provisioning Routes handleProvisionStatus returns 404 for non-existent tenant","status":"passed","title":"returns 404 for non-existent tenant","duration":15,"failureMessages":[]},{"ancestorTitles":["","Provisioning Routes","handleProvisionStatus"],"fullName":" Provisioning Routes handleProvisionStatus returns default status when provisioner has no state","status":"passed","title":"returns default status when provisioner has no state","duration":11,"failureMessages":[]},{"ancestorTitles":["","Provisioning Routes","handleTenantOverview"],"fullName":" Provisioning Routes handleTenantOverview returns tenant overview for authorized admin","status":"passed","title":"returns tenant overview for authorized admin","duration":10,"failureMessages":[]},{"ancestorTitles":["","Provisioning Routes","handleTenantOverview"],"fullName":" Provisioning Routes handleTenantOverview returns null data for non-existent tenant","status":"passed","title":"returns null data for non-existent tenant","duration":10,"failureMessages":[]},{"ancestorTitles":["","Provisioning Routes","handleProvisionRetry"],"fullName":" Provisioning Routes handleProvisionRetry retries provisioning with valid service JWT","status":"passed","title":"retries provisioning with valid service JWT","duration":9,"failureMessages":[]},{"ancestorTitles":["","Provisioning Routes","handleProvisionRetry"],"fullName":" Provisioning Routes handleProvisionRetry rejects retry without service JWT","status":"passed","title":"rejects retry without service JWT","duration":5,"failureMessages":[]},{"ancestorTitles":["","Provisioning Routes","handleProvisionRetry"],"fullName":" Provisioning Routes handleProvisionRetry requires tenantId in request body","status":"passed","title":"requires tenantId in request body","duration":7,"failureMessages":[]},{"ancestorTitles":["","Provisioning Routes","handleProvisionRetry"],"fullName":" Provisioning Routes handleProvisionRetry returns 404 for non-existent tenant","status":"passed","title":"returns 404 for non-existent tenant","duration":7,"failureMessages":[]},{"ancestorTitles":["","Provisioning Routes","Service JWT Security"],"fullName":" Provisioning Routes Service JWT Security only accepts internal audience for service endpoints","status":"passed","title":"only accepts internal audience for service endpoints","duration":7,"failureMessages":[]},{"ancestorTitles":["","Provisioning Routes","Service JWT Security"],"fullName":" Provisioning Routes Service JWT Security service JWT has short TTL (30 seconds)","status":"passed","title":"service JWT has short TTL (30 seconds)","duration":9,"failureMessages":[]}],"startTime":1764344921877,"endTime":1764344930859,"status":"passed","message":"","name":"C:/dev/app-FRESH/backend/src/routes/__tests__/provisioning.test.ts"},{"assertionResults":[{"ancestorTitles":["","Tenant Management Routes","POST /api/tenants (Provision Tenant)"],"fullName":" Tenant Management Routes POST /api/tenants (Provision Tenant) successfully provisions a new tenant","status":"passed","title":"successfully provisions a new tenant","duration":163,"failureMessages":[]},{"ancestorTitles":["","Tenant Management Routes","POST /api/tenants (Provision Tenant)"],"fullName":" Tenant Management Routes POST /api/tenants (Provision Tenant) provisions tenant with optional fields","status":"passed","title":"provisions tenant with optional fields","duration":155,"failureMessages":[]},{"ancestorTitles":["","Tenant Management Routes","POST /api/tenants (Provision Tenant)"],"fullName":" Tenant Management Routes POST /api/tenants (Provision Tenant) returns existing tenant when already provisioned (idempotency)","status":"passed","title":"returns existing tenant when already provisioned (idempotency)","duration":137,"failureMessages":[]},{"ancestorTitles":["","Tenant Management Routes","POST /api/tenants (Provision Tenant)"],"fullName":" Tenant Management Routes POST /api/tenants (Provision Tenant) rejects invalid request with missing required fields","status":"passed","title":"rejects invalid request with missing required fields","duration":138,"failureMessages":[]},{"ancestorTitles":["","Tenant Management Routes","POST /api/tenants (Provision Tenant)"],"fullName":" Tenant Management Routes POST /api/tenants (Provision Tenant) rejects tenantId with invalid characters","status":"passed","title":"rejects tenantId with invalid characters","duration":113,"failureMessages":[]},{"ancestorTitles":["","Tenant Management Routes","POST /api/tenants (Provision Tenant)"],"fullName":" Tenant Management Routes POST /api/tenants (Provision Tenant) rejects colors without # prefix","status":"passed","title":"rejects colors without # prefix","duration":114,"failureMessages":[]},{"ancestorTitles":["","Tenant Management Routes","POST /api/tenants (Provision Tenant)"],"fullName":" Tenant Management Routes POST /api/tenants (Provision Tenant) rejects invalid email address","status":"passed","title":"rejects invalid email address","duration":128,"failureMessages":[]},{"ancestorTitles":["","Tenant Management Routes","POST /api/tenants (Provision Tenant)"],"fullName":" Tenant Management Routes POST /api/tenants (Provision Tenant) rejects invalid badge URL","status":"passed","title":"rejects invalid badge URL","duration":126,"failureMessages":[]},{"ancestorTitles":["","Tenant Management Routes","POST /api/tenants (Provision Tenant)"],"fullName":" Tenant Management Routes POST /api/tenants (Provision Tenant) handles gasCall failure gracefully","status":"passed","title":"handles gasCall failure gracefully","duration":105,"failureMessages":[]},{"ancestorTitles":["","Tenant Management Routes","POST /api/tenants (Provision Tenant)"],"fullName":" Tenant Management Routes POST /api/tenants (Provision Tenant) returns success:false when gas validation fails","status":"passed","title":"returns success:false when gas validation fails","duration":92,"failureMessages":[]},{"ancestorTitles":["","Tenant Management Routes","POST /api/tenants (Provision Tenant)"],"fullName":" Tenant Management Routes POST /api/tenants (Provision Tenant) rejects malformed JSON","status":"passed","title":"rejects malformed JSON","duration":121,"failureMessages":[]},{"ancestorTitles":["","Tenant Management Routes","POST /api/tenants/:id/verify (Verify Tenant)"],"fullName":" Tenant Management Routes POST /api/tenants/:id/verify (Verify Tenant) successfully verifies tenant setup","status":"passed","title":"successfully verifies tenant setup","duration":80,"failureMessages":[]},{"ancestorTitles":["","Tenant Management Routes","POST /api/tenants/:id/verify (Verify Tenant)"],"fullName":" Tenant Management Routes POST /api/tenants/:id/verify (Verify Tenant) returns 404 for non-existent tenant","status":"passed","title":"returns 404 for non-existent tenant","duration":85,"failureMessages":[]},{"ancestorTitles":["","Tenant Management Routes","POST /api/tenants/:id/verify (Verify Tenant)"],"fullName":" Tenant Management Routes POST /api/tenants/:id/verify (Verify Tenant) returns 404 for tenant without spreadsheet","status":"passed","title":"returns 404 for tenant without spreadsheet","duration":80,"failureMessages":[]},{"ancestorTitles":["","Tenant Management Routes","POST /api/tenants/:id/verify (Verify Tenant)"],"fullName":" Tenant Management Routes POST /api/tenants/:id/verify (Verify Tenant) requires tenant ID in params","status":"passed","title":"requires tenant ID in params","duration":70,"failureMessages":[]},{"ancestorTitles":["","Tenant Management Routes","POST /api/tenants/:id/verify (Verify Tenant)"],"fullName":" Tenant Management Routes POST /api/tenants/:id/verify (Verify Tenant) handles verification failure","status":"passed","title":"handles verification failure","duration":69,"failureMessages":[]},{"ancestorTitles":["","Tenant Management Routes","POST /api/tenants/:id/verify (Verify Tenant)"],"fullName":" Tenant Management Routes POST /api/tenants/:id/verify (Verify Tenant) handles gasCall exception during verification","status":"passed","title":"handles gasCall exception during verification","duration":51,"failureMessages":[]}],"startTime":1764344921177,"endTime":1764344923084,"status":"passed","message":"","name":"C:/dev/app-FRESH/backend/src/routes/__tests__/tenants.test.ts"},{"assertionResults":[{"ancestorTitles":["","Auth Service","requireJWT"],"fullName":" Auth Service requireJWT accepts valid Bearer token","status":"passed","title":"accepts valid Bearer token","duration":223,"failureMessages":[]},{"ancestorTitles":["","Auth Service","requireJWT"],"fullName":" Auth Service requireJWT rejects request without Authorization header","status":"passed","title":"rejects request without Authorization header","duration":179,"failureMessages":[]},{"ancestorTitles":["","Auth Service","requireJWT"],"fullName":" Auth Service requireJWT rejects request with invalid token format","status":"passed","title":"rejects request with invalid token format","duration":176,"failureMessages":[]},{"ancestorTitles":["","Auth Service","requireJWT"],"fullName":" Auth Service requireJWT rejects request with empty Bearer token","status":"passed","title":"rejects request with empty Bearer token","duration":170,"failureMessages":[]},{"ancestorTitles":["","Auth Service","requireJWT"],"fullName":" Auth Service requireJWT rejects invalid JWT","status":"passed","title":"rejects invalid JWT","duration":153,"failureMessages":[]},{"ancestorTitles":["","Auth Service","requireJWT"],"fullName":" Auth Service requireJWT rejects JWT with wrong secret","status":"passed","title":"rejects JWT with wrong secret","duration":146,"failureMessages":[]},{"ancestorTitles":["","Auth Service","requireJWT"],"fullName":" Auth Service requireJWT rejects revoked token","status":"passed","title":"rejects revoked token","duration":144,"failureMessages":[]},{"ancestorTitles":["","Auth Service","requireJWT"],"fullName":" Auth Service requireJWT extracts all JWT claims correctly","status":"passed","title":"extracts all JWT claims correctly","duration":127,"failureMessages":[]},{"ancestorTitles":["","Auth Service","requireAdmin"],"fullName":" Auth Service requireAdmin accepts valid admin Bearer token","status":"passed","title":"accepts valid admin Bearer token","duration":131,"failureMessages":[]},{"ancestorTitles":["","Auth Service","requireAdmin"],"fullName":" Auth Service requireAdmin accepts valid admin from owner_session cookie","status":"passed","title":"accepts valid admin from owner_session cookie","duration":120,"failureMessages":[]},{"ancestorTitles":["","Auth Service","requireAdmin"],"fullName":" Auth Service requireAdmin accepts valid admin from cookie with other cookies","status":"passed","title":"accepts valid admin from cookie with other cookies","duration":108,"failureMessages":[]},{"ancestorTitles":["","Auth Service","requireAdmin"],"fullName":" Auth Service requireAdmin prefers Bearer token over cookie when both present","status":"passed","title":"prefers Bearer token over cookie when both present","duration":102,"failureMessages":[]},{"ancestorTitles":["","Auth Service","requireAdmin"],"fullName":" Auth Service requireAdmin rejects request without credentials","status":"passed","title":"rejects request without credentials","duration":116,"failureMessages":[]},{"ancestorTitles":["","Auth Service","requireAdmin"],"fullName":" Auth Service requireAdmin rejects member JWT for admin endpoint","status":"passed","title":"rejects member JWT for admin endpoint","duration":84,"failureMessages":[]},{"ancestorTitles":["","Auth Service","requireAdmin"],"fullName":" Auth Service requireAdmin rejects invalid JWT in cookie","status":"passed","title":"rejects invalid JWT in cookie","duration":89,"failureMessages":[]},{"ancestorTitles":["","Auth Service","requireAdmin"],"fullName":" Auth Service requireAdmin rejects revoked admin token","status":"passed","title":"rejects revoked admin token","duration":74,"failureMessages":[]},{"ancestorTitles":["","Auth Service","requireTenantAdminOrPlatform"],"fullName":" Auth Service requireTenantAdminOrPlatform accepts platform admin","status":"passed","title":"accepts platform admin","duration":76,"failureMessages":[]},{"ancestorTitles":["","Auth Service","requireTenantAdminOrPlatform"],"fullName":" Auth Service requireTenantAdminOrPlatform accepts tenant admin for their own tenant","status":"passed","title":"accepts tenant admin for their own tenant","duration":83,"failureMessages":[]},{"ancestorTitles":["","Auth Service","requireTenantAdminOrPlatform"],"fullName":" Auth Service requireTenantAdminOrPlatform accepts owner role for their tenant","status":"passed","title":"accepts owner role for their tenant","duration":48,"failureMessages":[]},{"ancestorTitles":["","Auth Service","requireTenantAdminOrPlatform"],"fullName":" Auth Service requireTenantAdminOrPlatform rejects tenant admin accessing different tenant","status":"passed","title":"rejects tenant admin accessing different tenant","duration":47,"failureMessages":[]},{"ancestorTitles":["","Auth Service","requireTenantAdminOrPlatform"],"fullName":" Auth Service requireTenantAdminOrPlatform rejects regular member even for their own tenant","status":"passed","title":"rejects regular member even for their own tenant","duration":45,"failureMessages":[]},{"ancestorTitles":["","Auth Service","requireTenantAdminOrPlatform"],"fullName":" Auth Service requireTenantAdminOrPlatform rejects when no credentials provided","status":"passed","title":"rejects when no credentials provided","duration":41,"failureMessages":[]},{"ancestorTitles":["","Auth Service","hasRole"],"fullName":" Auth Service hasRole returns true when user has role in roles array","status":"passed","title":"returns true when user has role in roles array","duration":35,"failureMessages":[]},{"ancestorTitles":["","Auth Service","hasRole"],"fullName":" Auth Service hasRole returns false when user does not have role","status":"passed","title":"returns false when user does not have role","duration":33,"failureMessages":[]},{"ancestorTitles":["","Auth Service","hasRole"],"fullName":" Auth Service hasRole handles single role string","status":"passed","title":"handles single role string","duration":32,"failureMessages":[]},{"ancestorTitles":["","Auth Service","hasRole"],"fullName":" Auth Service hasRole returns false when no roles present","status":"passed","title":"returns false when no roles present","duration":25,"failureMessages":[]},{"ancestorTitles":["","Auth Service","hasRole"],"fullName":" Auth Service hasRole returns false for empty roles array","status":"passed","title":"returns false for empty roles array","duration":29,"failureMessages":[]},{"ancestorTitles":["","Auth Service","hasRole"],"fullName":" Auth Service hasRole is case sensitive","status":"passed","title":"is case sensitive","duration":28,"failureMessages":[]},{"ancestorTitles":["","Auth Service","Authorization Error Responses"],"fullName":" Auth Service Authorization Error Responses returns 401 for missing Bearer token in requireJWT","status":"passed","title":"returns 401 for missing Bearer token in requireJWT","duration":22,"failureMessages":[]},{"ancestorTitles":["","Auth Service","Authorization Error Responses"],"fullName":" Auth Service Authorization Error Responses returns 401 for missing admin credentials","status":"passed","title":"returns 401 for missing admin credentials","duration":22,"failureMessages":[]},{"ancestorTitles":["","Auth Service","Authorization Error Responses"],"fullName":" Auth Service Authorization Error Responses returns 403 for tenant mismatch in requireTenantAdminOrPlatform","status":"passed","title":"returns 403 for tenant mismatch in requireTenantAdminOrPlatform","duration":25,"failureMessages":[]}],"startTime":1764344920540,"endTime":1764344923522,"status":"passed","message":"","name":"C:/dev/app-FRESH/backend/src/services/__tests__/auth.test.ts"},{"assertionResults":[{"ancestorTitles":["","Chat KV Service","createRoom"],"fullName":" Chat KV Service createRoom creates a new chat room","status":"passed","title":"creates a new chat room","duration":185,"failureMessages":[]},{"ancestorTitles":["","Chat KV Service","createRoom"],"fullName":" Chat KV Service createRoom stores room in KV with correct key","status":"passed","title":"stores room in KV with correct key","duration":168,"failureMessages":[]},{"ancestorTitles":["","Chat KV Service","createRoom"],"fullName":" Chat KV Service createRoom returns existing room if already created","status":"passed","title":"returns existing room if already created","duration":148,"failureMessages":[]},{"ancestorTitles":["","Chat KV Service","createRoom"],"fullName":" Chat KV Service createRoom creates parents room type","status":"passed","title":"creates parents room type","duration":148,"failureMessages":[]},{"ancestorTitles":["","Chat KV Service","createRoom"],"fullName":" Chat KV Service createRoom creates coaches room type","status":"passed","title":"creates coaches room type","duration":133,"failureMessages":[]},{"ancestorTitles":["","Chat KV Service","createRoom"],"fullName":" Chat KV Service createRoom throws error when tenant missing","status":"passed","title":"throws error when tenant missing","duration":137,"failureMessages":[]},{"ancestorTitles":["","Chat KV Service","createRoom"],"fullName":" Chat KV Service createRoom throws error when roomId missing","status":"passed","title":"throws error when roomId missing","duration":108,"failureMessages":[]},{"ancestorTitles":["","Chat KV Service","createRoom"],"fullName":" Chat KV Service createRoom throws error when teamId missing","status":"passed","title":"throws error when teamId missing","duration":120,"failureMessages":[]},{"ancestorTitles":["","Chat KV Service","createRoom"],"fullName":" Chat KV Service createRoom throws error when type missing","status":"passed","title":"throws error when type missing","duration":129,"failureMessages":[]},{"ancestorTitles":["","Chat KV Service","createRoom"],"fullName":" Chat KV Service createRoom supports multiple rooms for same tenant","status":"passed","title":"supports multiple rooms for same tenant","duration":106,"failureMessages":[]},{"ancestorTitles":["","Chat KV Service","createRoom"],"fullName":" Chat KV Service createRoom isolates rooms by tenant","status":"passed","title":"isolates rooms by tenant","duration":109,"failureMessages":[]},{"ancestorTitles":["","Chat KV Service","listRooms"],"fullName":" Chat KV Service listRooms lists all rooms for a tenant","status":"passed","title":"lists all rooms for a tenant","duration":97,"failureMessages":[]},{"ancestorTitles":["","Chat KV Service","listRooms"],"fullName":" Chat KV Service listRooms filters rooms by teamId when provided","status":"passed","title":"filters rooms by teamId when provided","duration":85,"failureMessages":[]},{"ancestorTitles":["","Chat KV Service","listRooms"],"fullName":" Chat KV Service listRooms returns empty array when no rooms exist","status":"passed","title":"returns empty array when no rooms exist","duration":78,"failureMessages":[]},{"ancestorTitles":["","Chat KV Service","listRooms"],"fullName":" Chat KV Service listRooms isolates rooms by tenant","status":"passed","title":"isolates rooms by tenant","duration":79,"failureMessages":[]},{"ancestorTitles":["","Chat KV Service","listRooms"],"fullName":" Chat KV Service listRooms returns rooms with all properties","status":"passed","title":"returns rooms with all properties","duration":73,"failureMessages":[]},{"ancestorTitles":["","Chat KV Service","addMessage"],"fullName":" Chat KV Service addMessage adds message to a room","status":"passed","title":"adds message to a room","duration":56,"failureMessages":[]},{"ancestorTitles":["","Chat KV Service","addMessage"],"fullName":" Chat KV Service addMessage stores message in KV with correct prefix","status":"passed","title":"stores message in KV with correct prefix","duration":48,"failureMessages":[]},{"ancestorTitles":["","Chat KV Service","addMessage"],"fullName":" Chat KV Service addMessage generates unique message IDs","status":"passed","title":"generates unique message IDs","duration":43,"failureMessages":[]},{"ancestorTitles":["","Chat KV Service","addMessage"],"fullName":" Chat KV Service addMessage sanitizes HTML in message text","status":"passed","title":"sanitizes HTML in message text","duration":44,"failureMessages":[]},{"ancestorTitles":["","Chat KV Service","addMessage"],"fullName":" Chat KV Service addMessage trims whitespace from message text","status":"passed","title":"trims whitespace from message text","duration":37,"failureMessages":[]},{"ancestorTitles":["","Chat KV Service","addMessage"],"fullName":" Chat KV Service addMessage throws error for empty message","status":"passed","title":"throws error for empty message","duration":39,"failureMessages":[]},{"ancestorTitles":["","Chat KV Service","addMessage"],"fullName":" Chat KV Service addMessage throws error for whitespace-only message","status":"passed","title":"throws error for whitespace-only message","duration":33,"failureMessages":[]},{"ancestorTitles":["","Chat KV Service","addMessage"],"fullName":" Chat KV Service addMessage supports multiple messages in same room","status":"passed","title":"supports multiple messages in same room","duration":30,"failureMessages":[]},{"ancestorTitles":["","Chat KV Service","addMessage"],"fullName":" Chat KV Service addMessage isolates messages by tenant","status":"passed","title":"isolates messages by tenant","duration":30,"failureMessages":[]},{"ancestorTitles":["","Chat KV Service","addMessage"],"fullName":" Chat KV Service addMessage allows special characters in text","status":"passed","title":"allows special characters in text","duration":29,"failureMessages":[]},{"ancestorTitles":["","Chat KV Service","listMessages"],"fullName":" Chat KV Service listMessages lists messages for a room","status":"passed","title":"lists messages for a room","duration":25,"failureMessages":[]},{"ancestorTitles":["","Chat KV Service","listMessages"],"fullName":" Chat KV Service listMessages sorts messages by timestamp ascending","status":"passed","title":"sorts messages by timestamp ascending","duration":39,"failureMessages":[]},{"ancestorTitles":["","Chat KV Service","listMessages"],"fullName":" Chat KV Service listMessages returns empty array when no messages exist","status":"passed","title":"returns empty array when no messages exist","duration":21,"failureMessages":[]},{"ancestorTitles":["","Chat KV Service","listMessages"],"fullName":" Chat KV Service listMessages respects limit parameter","status":"passed","title":"respects limit parameter","duration":20,"failureMessages":[]},{"ancestorTitles":["","Chat KV Service","listMessages"],"fullName":" Chat KV Service listMessages defaults to limit of 50","status":"passed","title":"defaults to limit of 50","duration":20,"failureMessages":[]},{"ancestorTitles":["","Chat KV Service","listMessages"],"fullName":" Chat KV Service listMessages caps limit at 200","status":"passed","title":"caps limit at 200","duration":21,"failureMessages":[]},{"ancestorTitles":["","Chat KV Service","listMessages"],"fullName":" Chat KV Service listMessages isolates messages by tenant and room","status":"passed","title":"isolates messages by tenant and room","duration":20,"failureMessages":[]},{"ancestorTitles":["","Chat KV Service","listMessages"],"fullName":" Chat KV Service listMessages returns messages with all properties","status":"passed","title":"returns messages with all properties","duration":20,"failureMessages":[]},{"ancestorTitles":["","Chat KV Service","Tenant Isolation"],"fullName":" Chat KV Service Tenant Isolation prevents cross-tenant room access","status":"passed","title":"prevents cross-tenant room access","duration":12,"failureMessages":[]},{"ancestorTitles":["","Chat KV Service","Tenant Isolation"],"fullName":" Chat KV Service Tenant Isolation prevents cross-tenant message access","status":"passed","title":"prevents cross-tenant message access","duration":16,"failureMessages":[]}],"startTime":1764344920920,"endTime":1764344923657,"status":"passed","message":"","name":"C:/dev/app-FRESH/backend/src/services/__tests__/chatKV.test.ts"},{"assertionResults":[{"ancestorTitles":["","CSRF Protection Service","generateCsrfToken"],"fullName":" CSRF Protection Service generateCsrfToken generates a cryptographically secure token","status":"passed","title":"generates a cryptographically secure token","duration":295,"failureMessages":[]},{"ancestorTitles":["","CSRF Protection Service","generateCsrfToken"],"fullName":" CSRF Protection Service generateCsrfToken generates unique tokens","status":"passed","title":"generates unique tokens","duration":235,"failureMessages":[]},{"ancestorTitles":["","CSRF Protection Service","generateCsrfToken"],"fullName":" CSRF Protection Service generateCsrfToken returns cookie header with security attributes","status":"passed","title":"returns cookie header with security attributes","duration":219,"failureMessages":[]},{"ancestorTitles":["","CSRF Protection Service","generateCsrfToken"],"fullName":" CSRF Protection Service generateCsrfToken stores token in KV when sessionId provided","status":"passed","title":"stores token in KV when sessionId provided","duration":178,"failureMessages":[]},{"ancestorTitles":["","CSRF Protection Service","generateCsrfToken"],"fullName":" CSRF Protection Service generateCsrfToken does not store in KV when sessionId not provided","status":"passed","title":"does not store in KV when sessionId not provided","duration":174,"failureMessages":[]},{"ancestorTitles":["","CSRF Protection Service","generateCsrfToken"],"fullName":" CSRF Protection Service generateCsrfToken handles missing KV gracefully","status":"passed","title":"handles missing KV gracefully","duration":166,"failureMessages":[]},{"ancestorTitles":["","CSRF Protection Service","validateCsrfToken"],"fullName":" CSRF Protection Service validateCsrfToken validates matching tokens in header and cookie","status":"passed","title":"validates matching tokens in header and cookie","duration":143,"failureMessages":[]},{"ancestorTitles":["","CSRF Protection Service","validateCsrfToken"],"fullName":" CSRF Protection Service validateCsrfToken validates matching tokens in body and cookie","status":"passed","title":"validates matching tokens in body and cookie","duration":141,"failureMessages":[]},{"ancestorTitles":["","CSRF Protection Service","validateCsrfToken"],"fullName":" CSRF Protection Service validateCsrfToken rejects when token missing from request","status":"passed","title":"rejects when token missing from request","duration":122,"failureMessages":[]},{"ancestorTitles":["","CSRF Protection Service","validateCsrfToken"],"fullName":" CSRF Protection Service validateCsrfToken rejects when cookie missing","status":"passed","title":"rejects when cookie missing","duration":119,"failureMessages":[]},{"ancestorTitles":["","CSRF Protection Service","validateCsrfToken"],"fullName":" CSRF Protection Service validateCsrfToken rejects when tokens do not match","status":"passed","title":"rejects when tokens do not match","duration":125,"failureMessages":[]},{"ancestorTitles":["","CSRF Protection Service","validateCsrfToken"],"fullName":" CSRF Protection Service validateCsrfToken validates with stateful KV check when sessionId provided","status":"passed","title":"validates with stateful KV check when sessionId provided","duration":113,"failureMessages":[]},{"ancestorTitles":["","CSRF Protection Service","validateCsrfToken"],"fullName":" CSRF Protection Service validateCsrfToken rejects when token not found in KV (stateful validation)","status":"passed","title":"rejects when token not found in KV (stateful validation)","duration":108,"failureMessages":[]},{"ancestorTitles":["","CSRF Protection Service","validateCsrfToken"],"fullName":" CSRF Protection Service validateCsrfToken prefers header token over body token","status":"passed","title":"prefers header token over body token","duration":102,"failureMessages":[]},{"ancestorTitles":["","CSRF Protection Service","validateCsrfToken"],"fullName":" CSRF Protection Service validateCsrfToken handles cookie with multiple values","status":"passed","title":"handles cookie with multiple values","duration":118,"failureMessages":[]},{"ancestorTitles":["","CSRF Protection Service","requireCsrfToken"],"fullName":" CSRF Protection Service requireCsrfToken passes through when token is valid","status":"passed","title":"passes through when token is valid","duration":90,"failureMessages":[]},{"ancestorTitles":["","CSRF Protection Service","requireCsrfToken"],"fullName":" CSRF Protection Service requireCsrfToken throws 403 Response when token is invalid","status":"passed","title":"throws 403 Response when token is invalid","duration":76,"failureMessages":[]},{"ancestorTitles":["","CSRF Protection Service","requireCsrfToken"],"fullName":" CSRF Protection Service requireCsrfToken throws 403 Response when token is missing","status":"passed","title":"throws 403 Response when token is missing","duration":90,"failureMessages":[]},{"ancestorTitles":["","CSRF Protection Service","invalidateCsrfToken"],"fullName":" CSRF Protection Service invalidateCsrfToken deletes token from KV","status":"passed","title":"deletes token from KV","duration":77,"failureMessages":[]},{"ancestorTitles":["","CSRF Protection Service","invalidateCsrfToken"],"fullName":" CSRF Protection Service invalidateCsrfToken handles missing KV gracefully","status":"passed","title":"handles missing KV gracefully","duration":47,"failureMessages":[]},{"ancestorTitles":["","CSRF Protection Service","invalidateCsrfToken"],"fullName":" CSRF Protection Service invalidateCsrfToken handles non-existent token gracefully","status":"passed","title":"handles non-existent token gracefully","duration":48,"failureMessages":[]},{"ancestorTitles":["","CSRF Protection Service","clearCsrfTokens"],"fullName":" CSRF Protection Service clearCsrfTokens clears all tokens for a session","status":"passed","title":"clears all tokens for a session","duration":41,"failureMessages":[]},{"ancestorTitles":["","CSRF Protection Service","clearCsrfTokens"],"fullName":" CSRF Protection Service clearCsrfTokens handles missing KV gracefully","status":"passed","title":"handles missing KV gracefully","duration":37,"failureMessages":[]},{"ancestorTitles":["","CSRF Protection Service","clearCsrfTokens"],"fullName":" CSRF Protection Service clearCsrfTokens handles session with no tokens","status":"passed","title":"handles session with no tokens","duration":39,"failureMessages":[]},{"ancestorTitles":["","CSRF Protection Service","getCsrfTokenInfo"],"fullName":" CSRF Protection Service getCsrfTokenInfo extracts tokens from header and cookie","status":"passed","title":"extracts tokens from header and cookie","duration":30,"failureMessages":[]},{"ancestorTitles":["","CSRF Protection Service","getCsrfTokenInfo"],"fullName":" CSRF Protection Service getCsrfTokenInfo extracts token from body","status":"passed","title":"extracts token from body","duration":28,"failureMessages":[]},{"ancestorTitles":["","CSRF Protection Service","getCsrfTokenInfo"],"fullName":" CSRF Protection Service getCsrfTokenInfo detects token mismatch","status":"passed","title":"detects token mismatch","duration":28,"failureMessages":[]},{"ancestorTitles":["","CSRF Protection Service","getCsrfTokenInfo"],"fullName":" CSRF Protection Service getCsrfTokenInfo handles missing tokens","status":"passed","title":"handles missing tokens","duration":29,"failureMessages":[]},{"ancestorTitles":["","CSRF Protection Service","Token Security"],"fullName":" CSRF Protection Service Token Security generates tokens with sufficient entropy","status":"passed","title":"generates tokens with sufficient entropy","duration":24,"failureMessages":[]},{"ancestorTitles":["","CSRF Protection Service","Token Security"],"fullName":" CSRF Protection Service Token Security tokens are hexadecimal strings","status":"passed","title":"tokens are hexadecimal strings","duration":22,"failureMessages":[]},{"ancestorTitles":["","CSRF Protection Service","Token Security"],"fullName":" CSRF Protection Service Token Security cookie has SameSite=Strict for CSRF protection","status":"passed","title":"cookie has SameSite=Strict for CSRF protection","duration":20,"failureMessages":[]},{"ancestorTitles":["","CSRF Protection Service","Token Security"],"fullName":" CSRF Protection Service Token Security cookie is HttpOnly to prevent XSS","status":"passed","title":"cookie is HttpOnly to prevent XSS","duration":19,"failureMessages":[]},{"ancestorTitles":["","CSRF Protection Service","Token Security"],"fullName":" CSRF Protection Service Token Security cookie is Secure for HTTPS only","status":"passed","title":"cookie is Secure for HTTPS only","duration":22,"failureMessages":[]}],"startTime":1764344920041,"endTime":1764344923556,"status":"passed","message":"","name":"C:/dev/app-FRESH/backend/src/services/__tests__/csrf.test.ts"},{"assertionResults":[{"ancestorTitles":["","Events Service","putEvent"],"fullName":" Events Service putEvent creates a new event","status":"passed","title":"creates a new event","duration":322,"failureMessages":[]},{"ancestorTitles":["","Events Service","putEvent"],"fullName":" Events Service putEvent updates an existing event","status":"passed","title":"updates an existing event","duration":279,"failureMessages":[]},{"ancestorTitles":["","Events Service","putEvent"],"fullName":" Events Service putEvent adds event to index","status":"passed","title":"adds event to index","duration":238,"failureMessages":[]},{"ancestorTitles":["","Events Service","putEvent"],"fullName":" Events Service putEvent maintains event order in index (newest first)","status":"passed","title":"maintains event order in index (newest first)","duration":196,"failureMessages":[]},{"ancestorTitles":["","Events Service","putEvent"],"fullName":" Events Service putEvent supports all event types","status":"passed","title":"supports all event types","duration":196,"failureMessages":[]},{"ancestorTitles":["","Events Service","putEvent"],"fullName":" Events Service putEvent stores optional fields","status":"passed","title":"stores optional fields","duration":168,"failureMessages":[]},{"ancestorTitles":["","Events Service","getEvent"],"fullName":" Events Service getEvent retrieves an existing event","status":"passed","title":"retrieves an existing event","duration":153,"failureMessages":[]},{"ancestorTitles":["","Events Service","getEvent"],"fullName":" Events Service getEvent returns null for non-existent event","status":"passed","title":"returns null for non-existent event","duration":136,"failureMessages":[]},{"ancestorTitles":["","Events Service","getEvent"],"fullName":" Events Service getEvent enforces tenant isolation","status":"passed","title":"enforces tenant isolation","duration":136,"failureMessages":[]},{"ancestorTitles":["","Events Service","deleteEvent"],"fullName":" Events Service deleteEvent deletes an existing event","status":"passed","title":"deletes an existing event","duration":112,"failureMessages":[]},{"ancestorTitles":["","Events Service","deleteEvent"],"fullName":" Events Service deleteEvent removes event from index","status":"passed","title":"removes event from index","duration":120,"failureMessages":[]},{"ancestorTitles":["","Events Service","deleteEvent"],"fullName":" Events Service deleteEvent handles deleting non-existent event","status":"passed","title":"handles deleting non-existent event","duration":122,"failureMessages":[]},{"ancestorTitles":["","Events Service","listEvents"],"fullName":" Events Service listEvents returns empty array for tenant with no events","status":"passed","title":"returns empty array for tenant with no events","duration":98,"failureMessages":[]},{"ancestorTitles":["","Events Service","listEvents"],"fullName":" Events Service listEvents lists all events for a tenant","status":"passed","title":"lists all events for a tenant","duration":115,"failureMessages":[]},{"ancestorTitles":["","Events Service","listEvents"],"fullName":" Events Service listEvents enforces tenant isolation in listing","status":"passed","title":"enforces tenant isolation in listing","duration":91,"failureMessages":[]},{"ancestorTitles":["","Events Service","setRsvp"],"fullName":" Events Service setRsvp sets RSVP to yes","status":"passed","title":"sets RSVP to yes","duration":85,"failureMessages":[]},{"ancestorTitles":["","Events Service","setRsvp"],"fullName":" Events Service setRsvp sets RSVP to no","status":"passed","title":"sets RSVP to no","duration":78,"failureMessages":[]},{"ancestorTitles":["","Events Service","setRsvp"],"fullName":" Events Service setRsvp sets RSVP to maybe","status":"passed","title":"sets RSVP to maybe","duration":67,"failureMessages":[]},{"ancestorTitles":["","Events Service","setRsvp"],"fullName":" Events Service setRsvp updates existing RSVP","status":"passed","title":"updates existing RSVP","duration":70,"failureMessages":[]},{"ancestorTitles":["","Events Service","setRsvp"],"fullName":" Events Service setRsvp maintains separate RSVPs per user","status":"passed","title":"maintains separate RSVPs per user","duration":47,"failureMessages":[]},{"ancestorTitles":["","Events Service","getRsvp"],"fullName":" Events Service getRsvp retrieves existing RSVP","status":"passed","title":"retrieves existing RSVP","duration":43,"failureMessages":[]},{"ancestorTitles":["","Events Service","getRsvp"],"fullName":" Events Service getRsvp returns null for non-existent RSVP","status":"passed","title":"returns null for non-existent RSVP","duration":40,"failureMessages":[]},{"ancestorTitles":["","Events Service","getRsvp"],"fullName":" Events Service getRsvp enforces tenant isolation for RSVPs","status":"passed","title":"enforces tenant isolation for RSVPs","duration":38,"failureMessages":[]},{"ancestorTitles":["","Events Service","addCheckin"],"fullName":" Events Service addCheckin adds a check-in","status":"passed","title":"adds a check-in","duration":33,"failureMessages":[]},{"ancestorTitles":["","Events Service","addCheckin"],"fullName":" Events Service addCheckin adds multiple check-ins","status":"passed","title":"adds multiple check-ins","duration":33,"failureMessages":[]},{"ancestorTitles":["","Events Service","addCheckin"],"fullName":" Events Service addCheckin allows duplicate check-ins from same user","status":"passed","title":"allows duplicate check-ins from same user","duration":26,"failureMessages":[]},{"ancestorTitles":["","Events Service","addCheckin"],"fullName":" Events Service addCheckin records timestamp with check-in","status":"passed","title":"records timestamp with check-in","duration":28,"failureMessages":[]},{"ancestorTitles":["","Events Service","listCheckins"],"fullName":" Events Service listCheckins returns empty array for event with no check-ins","status":"passed","title":"returns empty array for event with no check-ins","duration":24,"failureMessages":[]},{"ancestorTitles":["","Events Service","listCheckins"],"fullName":" Events Service listCheckins lists all check-ins for an event","status":"passed","title":"lists all check-ins for an event","duration":22,"failureMessages":[]},{"ancestorTitles":["","Events Service","listCheckins"],"fullName":" Events Service listCheckins maintains check-in order","status":"passed","title":"maintains check-in order","duration":40,"failureMessages":[]},{"ancestorTitles":["","Events Service","listCheckins"],"fullName":" Events Service listCheckins enforces tenant isolation for check-ins","status":"passed","title":"enforces tenant isolation for check-ins","duration":17,"failureMessages":[]},{"ancestorTitles":["","Events Service","Tenant Isolation"],"fullName":" Events Service Tenant Isolation maintains complete isolation between tenants","status":"passed","title":"maintains complete isolation between tenants","duration":20,"failureMessages":[]}],"startTime":1764344919807,"endTime":1764344923575,"status":"passed","message":"","name":"C:/dev/app-FRESH/backend/src/services/__tests__/events.test.ts"},{"assertionResults":[{"ancestorTitles":["","Gallery KV Service","createAlbum"],"fullName":" Gallery KV Service createAlbum creates a new album with required fields","status":"passed","title":"creates a new album with required fields","duration":195,"failureMessages":[]},{"ancestorTitles":["","Gallery KV Service","createAlbum"],"fullName":" Gallery KV Service createAlbum creates album with optional teamId","status":"passed","title":"creates album with optional teamId","duration":167,"failureMessages":[]},{"ancestorTitles":["","Gallery KV Service","createAlbum"],"fullName":" Gallery KV Service createAlbum creates album with optional eventId","status":"passed","title":"creates album with optional eventId","duration":150,"failureMessages":[]},{"ancestorTitles":["","Gallery KV Service","createAlbum"],"fullName":" Gallery KV Service createAlbum creates album with both teamId and eventId","status":"passed","title":"creates album with both teamId and eventId","duration":155,"failureMessages":[]},{"ancestorTitles":["","Gallery KV Service","createAlbum"],"fullName":" Gallery KV Service createAlbum throws error when tenant is missing","status":"passed","title":"throws error when tenant is missing","duration":140,"failureMessages":[]},{"ancestorTitles":["","Gallery KV Service","createAlbum"],"fullName":" Gallery KV Service createAlbum throws error when title is missing","status":"passed","title":"throws error when title is missing","duration":138,"failureMessages":[]},{"ancestorTitles":["","Gallery KV Service","createAlbum"],"fullName":" Gallery KV Service createAlbum stores album in KV with correct key format","status":"passed","title":"stores album in KV with correct key format","duration":114,"failureMessages":[]},{"ancestorTitles":["","Gallery KV Service","listAlbums"],"fullName":" Gallery KV Service listAlbums lists all albums for a tenant","status":"passed","title":"lists all albums for a tenant","duration":128,"failureMessages":[]},{"ancestorTitles":["","Gallery KV Service","listAlbums"],"fullName":" Gallery KV Service listAlbums filters albums by teamId","status":"passed","title":"filters albums by teamId","duration":127,"failureMessages":[]},{"ancestorTitles":["","Gallery KV Service","listAlbums"],"fullName":" Gallery KV Service listAlbums returns empty array when no albums exist","status":"passed","title":"returns empty array when no albums exist","duration":99,"failureMessages":[]},{"ancestorTitles":["","Gallery KV Service","listAlbums"],"fullName":" Gallery KV Service listAlbums isolates albums by tenant","status":"passed","title":"isolates albums by tenant","duration":100,"failureMessages":[]},{"ancestorTitles":["","Gallery KV Service","listAlbums"],"fullName":" Gallery KV Service listAlbums returns empty array when filtering by non-existent teamId","status":"passed","title":"returns empty array when filtering by non-existent teamId","duration":113,"failureMessages":[]},{"ancestorTitles":["","Gallery KV Service","getUploadUrl"],"fullName":" Gallery KV Service getUploadUrl returns upload info for allowed content type (jpeg)","status":"passed","title":"returns upload info for allowed content type (jpeg)","duration":75,"failureMessages":[]},{"ancestorTitles":["","Gallery KV Service","getUploadUrl"],"fullName":" Gallery KV Service getUploadUrl returns upload info for allowed content type (png)","status":"passed","title":"returns upload info for allowed content type (png)","duration":80,"failureMessages":[]},{"ancestorTitles":["","Gallery KV Service","getUploadUrl"],"fullName":" Gallery KV Service getUploadUrl returns upload info for allowed content type (webp)","status":"passed","title":"returns upload info for allowed content type (webp)","duration":81,"failureMessages":[]},{"ancestorTitles":["","Gallery KV Service","getUploadUrl"],"fullName":" Gallery KV Service getUploadUrl throws error for unsupported content type","status":"passed","title":"throws error for unsupported content type","duration":68,"failureMessages":[]},{"ancestorTitles":["","Gallery KV Service","getUploadUrl"],"fullName":" Gallery KV Service getUploadUrl throws error for non-image content type","status":"passed","title":"throws error for non-image content type","duration":74,"failureMessages":[]},{"ancestorTitles":["","Gallery KV Service","getUploadUrl"],"fullName":" Gallery KV Service getUploadUrl generates unique r2Keys for each upload request","status":"passed","title":"generates unique r2Keys for each upload request","duration":49,"failureMessages":[]},{"ancestorTitles":["","Gallery KV Service","uploadBinary"],"fullName":" Gallery KV Service uploadBinary uploads file to R2 with correct key","status":"passed","title":"uploads file to R2 with correct key","duration":43,"failureMessages":[]},{"ancestorTitles":["","Gallery KV Service","uploadBinary"],"fullName":" Gallery KV Service uploadBinary stores content type in R2 metadata","status":"passed","title":"stores content type in R2 metadata","duration":39,"failureMessages":[]},{"ancestorTitles":["","Gallery KV Service","uploadBinary"],"fullName":" Gallery KV Service uploadBinary generates unique keys for multiple uploads","status":"passed","title":"generates unique keys for multiple uploads","duration":39,"failureMessages":[]},{"ancestorTitles":["","Gallery KV Service","commitMedia"],"fullName":" Gallery KV Service commitMedia commits media metadata with required fields","status":"passed","title":"commits media metadata with required fields","duration":30,"failureMessages":[]},{"ancestorTitles":["","Gallery KV Service","commitMedia"],"fullName":" Gallery KV Service commitMedia commits media with player tags","status":"passed","title":"commits media with player tags","duration":31,"failureMessages":[]},{"ancestorTitles":["","Gallery KV Service","commitMedia"],"fullName":" Gallery KV Service commitMedia commits media with consent check enabled","status":"passed","title":"commits media with consent check enabled","duration":26,"failureMessages":[]},{"ancestorTitles":["","Gallery KV Service","commitMedia"],"fullName":" Gallery KV Service commitMedia defaults consentCheck to false when not provided","status":"passed","title":"defaults consentCheck to false when not provided","duration":28,"failureMessages":[]},{"ancestorTitles":["","Gallery KV Service","commitMedia"],"fullName":" Gallery KV Service commitMedia defaults playerTags to empty array when not provided","status":"passed","title":"defaults playerTags to empty array when not provided","duration":29,"failureMessages":[]},{"ancestorTitles":["","Gallery KV Service","commitMedia"],"fullName":" Gallery KV Service commitMedia stores media in KV with correct key format","status":"passed","title":"stores media in KV with correct key format","duration":28,"failureMessages":[]},{"ancestorTitles":["","Gallery KV Service","listMedia"],"fullName":" Gallery KV Service listMedia lists media objects in an album","status":"passed","title":"lists media objects in an album","duration":36,"failureMessages":[]},{"ancestorTitles":["","Gallery KV Service","listMedia"],"fullName":" Gallery KV Service listMedia sorts media by timestamp (oldest first)","status":"passed","title":"sorts media by timestamp (oldest first)","duration":49,"failureMessages":[]},{"ancestorTitles":["","Gallery KV Service","listMedia"],"fullName":" Gallery KV Service listMedia isolates media by tenant","status":"passed","title":"isolates media by tenant","duration":44,"failureMessages":[]},{"ancestorTitles":["","Gallery KV Service","listMedia"],"fullName":" Gallery KV Service listMedia isolates media by album","status":"passed","title":"isolates media by album","duration":42,"failureMessages":[]},{"ancestorTitles":["","Gallery KV Service","listMedia"],"fullName":" Gallery KV Service listMedia returns empty array when album has no media","status":"passed","title":"returns empty array when album has no media","duration":31,"failureMessages":[]},{"ancestorTitles":["","Gallery KV Service","getViewUrl"],"fullName":" Gallery KV Service getViewUrl returns view URL for media file","status":"passed","title":"returns view URL for media file","duration":14,"failureMessages":[]},{"ancestorTitles":["","Gallery KV Service","getViewUrl"],"fullName":" Gallery KV Service getViewUrl encodes r2Key in URL parameter","status":"passed","title":"encodes r2Key in URL parameter","duration":13,"failureMessages":[]},{"ancestorTitles":["","Gallery KV Service","getViewUrl"],"fullName":" Gallery KV Service getViewUrl handles r2Keys with special characters","status":"passed","title":"handles r2Keys with special characters","duration":11,"failureMessages":[]},{"ancestorTitles":["","Gallery KV Service","getViewUrl"],"fullName":" Gallery KV Service getViewUrl accepts custom expiry parameter","status":"passed","title":"accepts custom expiry parameter","duration":14,"failureMessages":[]},{"ancestorTitles":["","Gallery KV Service","Tenant Isolation"],"fullName":" Gallery KV Service Tenant Isolation prevents cross-tenant album access","status":"passed","title":"prevents cross-tenant album access","duration":9,"failureMessages":[]},{"ancestorTitles":["","Gallery KV Service","Tenant Isolation"],"fullName":" Gallery KV Service Tenant Isolation prevents cross-tenant media access","status":"passed","title":"prevents cross-tenant media access","duration":8,"failureMessages":[]},{"ancestorTitles":["","Gallery KV Service","Full Upload Flow"],"fullName":" Gallery KV Service Full Upload Flow completes full upload workflow","status":"passed","title":"completes full upload workflow","duration":8,"failureMessages":[]}],"startTime":1764344920844,"endTime":1764344923794,"status":"passed","message":"","name":"C:/dev/app-FRESH/backend/src/services/__tests__/galleryKV.test.ts"},{"assertionResults":[{"ancestorTitles":["","idempotency service","ensureIdempotent"],"fullName":" idempotency service ensureIdempotent returns hit:false for first request","status":"passed","title":"returns hit:false for first request","duration":240,"failureMessages":[]},{"ancestorTitles":["","idempotency service","ensureIdempotent"],"fullName":" idempotency service ensureIdempotent returns hit:true with cached response for duplicate request","status":"passed","title":"returns hit:true with cached response for duplicate request","duration":200,"failureMessages":[]},{"ancestorTitles":["","idempotency service","ensureIdempotent"],"fullName":" idempotency service ensureIdempotent returns hit:false for different idempotency keys","status":"passed","title":"returns hit:false for different idempotency keys","duration":185,"failureMessages":[]},{"ancestorTitles":["","idempotency service","setFinalIdempotent"],"fullName":" idempotency service setFinalIdempotent stores response data","status":"passed","title":"stores response data","duration":153,"failureMessages":[]},{"ancestorTitles":["","idempotency service","setFinalIdempotent"],"fullName":" idempotency service setFinalIdempotent overwrites previous response for same key","status":"passed","title":"overwrites previous response for same key","duration":149,"failureMessages":[]},{"ancestorTitles":["","idempotency service","idempotency workflow"],"fullName":" idempotency service idempotency workflow prevents duplicate processing of same request","status":"passed","title":"prevents duplicate processing of same request","duration":143,"failureMessages":[]}],"startTime":1764344920397,"endTime":1764344921769,"status":"passed","message":"","name":"C:/dev/app-FRESH/backend/src/services/__tests__/idempotency.test.ts"},{"assertionResults":[{"ancestorTitles":["","JWT Service","issueTenantAdminJWT"],"fullName":" JWT Service issueTenantAdminJWT issues valid admin JWT with correct claims","status":"passed","title":"issues valid admin JWT with correct claims","duration":234,"failureMessages":[]},{"ancestorTitles":["","JWT Service","issueTenantAdminJWT"],"fullName":" JWT Service issueTenantAdminJWT issues admin JWT with custom TTL","status":"passed","title":"issues admin JWT with custom TTL","duration":212,"failureMessages":[]},{"ancestorTitles":["","JWT Service","issueTenantAdminJWT"],"fullName":" JWT Service issueTenantAdminJWT uses syston-admin audience for admin tokens","status":"passed","title":"uses syston-admin audience for admin tokens","duration":175,"failureMessages":[]},{"ancestorTitles":["","JWT Service","issueTenantAdminJWT"],"fullName":" JWT Service issueTenantAdminJWT includes tenant_id in claims","status":"passed","title":"includes tenant_id in claims","duration":172,"failureMessages":[]},{"ancestorTitles":["","JWT Service","issueTenantAdminJWT","issuePlatformAdminJWT"],"fullName":" JWT Service issueTenantAdminJWT issuePlatformAdminJWT issues valid platform admin JWT with correct claims","status":"passed","title":"issues valid platform admin JWT with correct claims","duration":150,"failureMessages":[]},{"ancestorTitles":["","JWT Service","issueTenantMemberJWT"],"fullName":" JWT Service issueTenantMemberJWT issues valid member JWT with correct claims","status":"passed","title":"issues valid member JWT with correct claims","duration":141,"failureMessages":[]},{"ancestorTitles":["","JWT Service","issueTenantMemberJWT"],"fullName":" JWT Service issueTenantMemberJWT issues member JWT with multiple roles","status":"passed","title":"issues member JWT with multiple roles","duration":115,"failureMessages":[]},{"ancestorTitles":["","JWT Service","issueTenantMemberJWT"],"fullName":" JWT Service issueTenantMemberJWT defaults to tenant_member role if not provided","status":"passed","title":"defaults to tenant_member role if not provided","duration":116,"failureMessages":[]},{"ancestorTitles":["","JWT Service","issueTenantMemberJWT"],"fullName":" JWT Service issueTenantMemberJWT uses mobile audience for member tokens","status":"passed","title":"uses mobile audience for member tokens","duration":128,"failureMessages":[]},{"ancestorTitles":["","JWT Service","issueTenantMemberJWT"],"fullName":" JWT Service issueTenantMemberJWT defaults TTL to 60 minutes if not provided","status":"passed","title":"defaults TTL to 60 minutes if not provided","duration":125,"failureMessages":[]},{"ancestorTitles":["","JWT Service","verifyAndNormalize"],"fullName":" JWT Service verifyAndNormalize verifies and normalizes valid JWT","status":"passed","title":"verifies and normalizes valid JWT","duration":99,"failureMessages":[]},{"ancestorTitles":["","JWT Service","verifyAndNormalize"],"fullName":" JWT Service verifyAndNormalize rejects JWT with wrong secret","status":"passed","title":"rejects JWT with wrong secret","duration":117,"failureMessages":[]},{"ancestorTitles":["","JWT Service","verifyAndNormalize"],"fullName":" JWT Service verifyAndNormalize rejects JWT with wrong audience","status":"passed","title":"rejects JWT with wrong audience","duration":85,"failureMessages":[]},{"ancestorTitles":["","JWT Service","verifyAndNormalize"],"fullName":" JWT Service verifyAndNormalize rejects JWT with wrong issuer","status":"passed","title":"rejects JWT with wrong issuer","duration":79,"failureMessages":[]},{"ancestorTitles":["","JWT Service","verifyAndNormalize"],"fullName":" JWT Service verifyAndNormalize allows clock skew tolerance","status":"passed","title":"allows clock skew tolerance","duration":71,"failureMessages":[]},{"ancestorTitles":["","JWT Service","verifyAdminJWT"],"fullName":" JWT Service verifyAdminJWT verifies admin JWT with syston-admin audience","status":"passed","title":"verifies admin JWT with syston-admin audience","duration":74,"failureMessages":[]},{"ancestorTitles":["","JWT Service","verifyAdminJWT"],"fullName":" JWT Service verifyAdminJWT rejects member JWT when expecting admin","status":"passed","title":"rejects member JWT when expecting admin","duration":79,"failureMessages":[]},{"ancestorTitles":["","JWT Service","normalizeClaims"],"fullName":" JWT Service normalizeClaims normalizes claims with tenant_id format","status":"passed","title":"normalizes claims with tenant_id format","duration":47,"failureMessages":[]},{"ancestorTitles":["","JWT Service","normalizeClaims"],"fullName":" JWT Service normalizeClaims normalizes claims with tenantId format","status":"passed","title":"normalizes claims with tenantId format","duration":42,"failureMessages":[]},{"ancestorTitles":["","JWT Service","normalizeClaims"],"fullName":" JWT Service normalizeClaims normalizes single role string to array","status":"passed","title":"normalizes single role string to array","duration":41,"failureMessages":[]},{"ancestorTitles":["","JWT Service","normalizeClaims"],"fullName":" JWT Service normalizeClaims preserves roles array","status":"passed","title":"preserves roles array","duration":38,"failureMessages":[]},{"ancestorTitles":["","JWT Service","normalizeClaims"],"fullName":" JWT Service normalizeClaims defaults to empty roles array when no roles","status":"passed","title":"defaults to empty roles array when no roles","duration":35,"failureMessages":[]},{"ancestorTitles":["","JWT Service","generateServiceJWT"],"fullName":" JWT Service generateServiceJWT generates valid service JWT","status":"passed","title":"generates valid service JWT","duration":31,"failureMessages":[]},{"ancestorTitles":["","JWT Service","generateServiceJWT"],"fullName":" JWT Service generateServiceJWT service JWT has correct claims","status":"passed","title":"service JWT has correct claims","duration":29,"failureMessages":[]},{"ancestorTitles":["","JWT Service","generateServiceJWT"],"fullName":" JWT Service generateServiceJWT service JWT defaults to 30 second TTL","status":"passed","title":"service JWT defaults to 30 second TTL","duration":29,"failureMessages":[]},{"ancestorTitles":["","JWT Service","verifyServiceJWT"],"fullName":" JWT Service verifyServiceJWT verifies valid service JWT","status":"passed","title":"verifies valid service JWT","duration":25,"failureMessages":[]},{"ancestorTitles":["","JWT Service","verifyServiceJWT"],"fullName":" JWT Service verifyServiceJWT rejects invalid service JWT","status":"passed","title":"rejects invalid service JWT","duration":23,"failureMessages":[]},{"ancestorTitles":["","JWT Service","verifyServiceJWT"],"fullName":" JWT Service verifyServiceJWT rejects service JWT with wrong secret","status":"passed","title":"rejects service JWT with wrong secret","duration":23,"failureMessages":[]},{"ancestorTitles":["","JWT Service","verifyServiceJWT"],"fullName":" JWT Service verifyServiceJWT rejects non-service JWT","status":"passed","title":"rejects non-service JWT","duration":23,"failureMessages":[]},{"ancestorTitles":["","JWT Service","requireAdminClaims"],"fullName":" JWT Service requireAdminClaims passes for admin role","status":"passed","title":"passes for admin role","duration":21,"failureMessages":[]},{"ancestorTitles":["","JWT Service","requireAdminClaims"],"fullName":" JWT Service requireAdminClaims throws for non-admin role","status":"passed","title":"throws for non-admin role","duration":21,"failureMessages":[]},{"ancestorTitles":["","JWT Service","requireAdminClaims"],"fullName":" JWT Service requireAdminClaims passes for multiple roles including admin","status":"passed","title":"passes for multiple roles including admin","duration":16,"failureMessages":[]},{"ancestorTitles":["","JWT Service","isSystemTenant"],"fullName":" JWT Service isSystemTenant returns true for system tenant","status":"passed","title":"returns true for system tenant","duration":15,"failureMessages":[]},{"ancestorTitles":["","JWT Service","isSystemTenant"],"fullName":" JWT Service isSystemTenant returns true for missing tenantId","status":"passed","title":"returns true for missing tenantId","duration":16,"failureMessages":[]},{"ancestorTitles":["","JWT Service","isSystemTenant"],"fullName":" JWT Service isSystemTenant returns false for normal tenant","status":"passed","title":"returns false for normal tenant","duration":13,"failureMessages":[]},{"ancestorTitles":["","JWT Service","JWT Security"],"fullName":" JWT Service JWT Security includes standard JWT claims","status":"passed","title":"includes standard JWT claims","duration":17,"failureMessages":[]},{"ancestorTitles":["","JWT Service","JWT Security"],"fullName":" JWT Service JWT Security rejects tampered JWT payload","status":"passed","title":"rejects tampered JWT payload","duration":17,"failureMessages":[]},{"ancestorTitles":["","JWT Service","JWT Security"],"fullName":" JWT Service JWT Security rejects JWT with missing signature","status":"passed","title":"rejects JWT with missing signature","duration":14,"failureMessages":[]}],"startTime":1764344920375,"endTime":1764344923723,"status":"passed","message":"","name":"C:/dev/app-FRESH/backend/src/services/__tests__/jwt.test.ts"},{"assertionResults":[{"ancestorTitles":["","JWT Revocation Service","revokeToken"],"fullName":" JWT Revocation Service revokeToken revokes a specific token by jti","status":"passed","title":"revokes a specific token by jti","duration":327,"failureMessages":[]},{"ancestorTitles":["","JWT Revocation Service","revokeToken"],"fullName":" JWT Revocation Service revokeToken revokes token by sub when jti not provided","status":"passed","title":"revokes token by sub when jti not provided","duration":312,"failureMessages":[]},{"ancestorTitles":["","JWT Revocation Service","revokeToken"],"fullName":" JWT Revocation Service revokeToken stores revocation entry with all metadata","status":"passed","title":"stores revocation entry with all metadata","duration":335,"failureMessages":[]},{"ancestorTitles":["","JWT Revocation Service","revokeToken"],"fullName":" JWT Revocation Service revokeToken handles missing KV gracefully","status":"passed","title":"handles missing KV gracefully","duration":241,"failureMessages":[]},{"ancestorTitles":["","JWT Revocation Service","revokeToken"],"fullName":" JWT Revocation Service revokeToken sets TTL based on token expiration","status":"passed","title":"sets TTL based on token expiration","duration":221,"failureMessages":[]},{"ancestorTitles":["","JWT Revocation Service","revokeAllUserTokens"],"fullName":" JWT Revocation Service revokeAllUserTokens revokes all tokens for a specific user","status":"passed","title":"revokes all tokens for a specific user","duration":174,"failureMessages":[]},{"ancestorTitles":["","JWT Revocation Service","revokeAllUserTokens"],"fullName":" JWT Revocation Service revokeAllUserTokens does not affect other users in same tenant","status":"passed","title":"does not affect other users in same tenant","duration":169,"failureMessages":[]},{"ancestorTitles":["","JWT Revocation Service","revokeAllUserTokens"],"fullName":" JWT Revocation Service revokeAllUserTokens does not affect same user in different tenant","status":"passed","title":"does not affect same user in different tenant","duration":154,"failureMessages":[]},{"ancestorTitles":["","JWT Revocation Service","revokeAllUserTokens"],"fullName":" JWT Revocation Service revokeAllUserTokens stores revocation with reason","status":"passed","title":"stores revocation with reason","duration":139,"failureMessages":[]},{"ancestorTitles":["","JWT Revocation 
[...]
 events","duration":146,"failureMessages":[]},{"ancestorTitles":["","Security Monitoring Service","getRecentSecurityEvents"],"fullName":" Security Monitoring Service getRecentSecurityEvents filters events by type","status":"passed","title":"filters events by type","duration":135,"failureMessages":[]},{"ancestorTitles":["","Security Monitoring Service","getRecentSecurityEvents"],"fullName":" Security Monitoring Service getRecentSecurityEvents filters events by severity","status":"passed","title":"filters events by severity","duration":135,"failureMessages":[]},{"ancestorTitles":["","Security Monitoring Service","getRecentSecurityEvents"],"fullName":" Security Monitoring Service getRecentSecurityEvents filters events by IP address","status":"passed","title":"filters events by IP address","duration":121,"failureMessages":[]},{"ancestorTitles":["","Security Monitoring Service","getRecentSecurityEvents"],"fullName":" Security Monitoring Service getRecentSecurityEvents returns empty array when KV unavailable","status":"passed","title":"returns empty array when KV unavailable","duration":111,"failureMessages":[]},{"ancestorTitles":["","Security Monitoring Service","getSecuritySummary"],"fullName":" Security Monitoring Service getSecuritySummary aggregates security data for dashboard","status":"passed","title":"aggregates security data for dashboard","duration":128,"failureMessages":[]},{"ancestorTitles":["","Security Monitoring Service","getSecuritySummary"],"fullName":" Security Monitoring Service getSecuritySummary counts threat types correctly","status":"passed","title":"counts threat types correctly","duration":98,"failureMessages":[]},{"ancestorTitles":["","Security Monitoring Service","getSecuritySummary"],"fullName":" Security Monitoring Service getSecuritySummary tracks top IPs","status":"passed","title":"tracks top IPs","duration":99,"failureMessages":[]},{"ancestorTitles":["","Security Monitoring Service","createSecurityEventFromRequest"],"fullName":" Security Monitoring Service createSecurityEventFromRequest creates security event from request","status":"passed","title":"creates security event from request","duration":85,"failureMessages":[]},{"ancestorTitles":["","Security Monitoring Service","createSecurityEventFromRequest"],"fullName":" Security Monitoring Service createSecurityEventFromRequest handles missing Cloudflare headers","status":"passed","title":"handles missing Cloudflare headers","duration":80,"failureMessages":[]},{"ancestorTitles":["","Security Monitoring Service","createSecurityEventFromRequest"],"fullName":" Security Monitoring Service createSecurityEventFromRequest extracts path correctly from URL","status":"passed","title":"extracts path correctly from URL","duration":81,"failureMessages":[]}],"startTime":1764344918203,"endTime":1764344922824,"status":"passed","message":"","name":"C:/dev/app-FRESH/backend/src/services/__tests__/securityMonitoring.test.ts"},{"assertionResults":[{"ancestorTitles":["","tenantConfig service","getTenantConfig"],"fullName":" tenantConfig service getTenantConfig returns null for non-existent tenant","status":"passed","title":"returns null for non-existent tenant","duration":155,"failureMessages":[]},{"ancestorTitles":["","tenantConfig service","getTenantConfig"],"fullName":" tenantConfig service getTenantConfig returns parsed config for existing tenant","status":"passed","title":"returns parsed config for existing tenant","duration":136,"failureMessages":[]},{"ancestorTitles":["","tenantConfig service","getTenantConfig"],"fullName":" tenantConfig service getTenantConfig returns null for malformed JSON","status":"passed","title":"returns null for malformed JSON","duration":137,"failureMessages":[]},{"ancestorTitles":["","tenantConfig service","putTenantConfig"],"fullName":" tenantConfig service putTenantConfig stores config with updated timestamp","status":"passed","title":"stores config with updated timestamp","duration":115,"failureMessages":[]},{"ancestorTitles":["","tenantConfig service","ensureTenant"],"fullName":" tenantConfig service ensureTenant creates new tenant if not exists","status":"passed","title":"creates new tenant if not exists","duration":117,"failureMessages":[]},{"ancestorTitles":["","tenantConfig service","ensureTenant"],"fullName":" tenantConfig service ensureTenant returns existing tenant if already exists","status":"passed","title":"returns existing tenant if already exists","duration":101,"failureMessages":[]},{"ancestorTitles":["","tenantConfig service","updateFlags"],"fullName":" tenantConfig service updateFlags merges flags with existing config","status":"passed","title":"merges flags with existing config","duration":112,"failureMessages":[]},{"ancestorTitles":["","tenantConfig service","updateFlags"],"fullName":" tenantConfig service updateFlags creates tenant if not exists before updating","status":"passed","title":"creates tenant if not exists before updating","duration":86,"failureMessages":[]},{"ancestorTitles":["","tenantConfig service","setMakeWebhook"],"fullName":" tenantConfig service setMakeWebhook sets webhook URL for tenant","status":"passed","title":"sets webhook URL for tenant","duration":76,"failureMessages":[]},{"ancestorTitles":["","tenantConfig service","isAllowedWebhookHost"],"fullName":" tenantConfig service isAllowedWebhookHost returns true for exact match","status":"passed","title":"returns true for exact match","duration":74,"failureMessages":[]},{"ancestorTitles":["","tenantConfig service","isAllowedWebhookHost"],"fullName":" tenantConfig service isAllowedWebhookHost returns true for suffix match","status":"passed","title":"returns true for suffix match","duration":80,"failureMessages":[]},{"ancestorTitles":["","tenantConfig service","isAllowedWebhookHost"],"fullName":" tenantConfig service isAllowedWebhookHost returns false for non-matching host","status":"passed","title":"returns false for non-matching host","duration":45,"failureMessages":[]},{"ancestorTitles":["","tenantConfig service","isAllowedWebhookHost"],"fullName":" tenantConfig service isAllowedWebhookHost returns false for empty host","status":"passed","title":"returns false for empty host","duration":49,"failureMessages":[]},{"ancestorTitles":["","tenantConfig service","isAllowedWebhookHost"],"fullName":" tenantConfig service isAllowedWebhookHost returns false for empty allowed list","status":"passed","title":"returns false for empty allowed list","duration":42,"failureMessages":[]},{"ancestorTitles":["","tenantConfig service","isAllowedWebhookHost"],"fullName":" tenantConfig service isAllowedWebhookHost handles case-insensitive matching","status":"passed","title":"handles case-insensitive matching","duration":40,"failureMessages":[]},{"ancestorTitles":["","tenantConfig service","isAllowedWebhookHost"],"fullName":" tenantConfig service isAllowedWebhookHost does not allow partial suffix matches","status":"passed","title":"does not allow partial suffix matches","duration":38,"failureMessages":[]}],"startTime":1764344921341,"endTime":1764344923242,"status":"passed","message":"","name":"C:/dev/app-FRESH/backend/src/services/__tests__/tenantConfig.test.ts"},{"assertionResults":[{"ancestorTitles":["","Event & RSVP E2E Flow"],"fullName":" Event & RSVP E2E Flow completes full event creation and RSVP workflow","status":"failed","title":"completes full event creation and RSVP workflow","duration":653,"failureMessages":["expected +0 to be 1 // Object.is equality"],"location":{"line":276,"column":85}},{"ancestorTitles":["","Event & RSVP E2E Flow"],"fullName":" Event & RSVP E2E Flow handles multiple users RSVPing to same event","status":"failed","title":"handles multiple users RSVPing to same event","duration":12,"failureMessages":["expected +0 to be 2 // Object.is equality"],"location":{"line":416,"column":74}},{"ancestorTitles":["","Event & RSVP E2E Flow"],"fullName":" Event & RSVP E2E Flow requires authentication for event operations","status":"passed","title":"requires authentication for event operations","duration":16,"failureMessages":[]},{"ancestorTitles":["","Event & RSVP E2E Flow"],"fullName":" Event & RSVP E2E Flow validates event data before creation","status":"passed","title":"validates event data before creation","duration":17,"failureMessages":[]},{"ancestorTitles":["","Event & RSVP E2E Flow"],"fullName":" Event & RSVP E2E Flow prevents duplicate RSVPs (updates existing)","status":"failed","title":"prevents duplicate RSVPs (updates existing)","duration":10,"failureMessages":["expected +0 to be 1 // Object.is equality"],"location":{"line":508,"column":73}}],"startTime":1764344923008,"endTime":1764344923737,"status":"failed","message":"","name":"C:/dev/app-FRESH/backend/tests/event-rsvp-flow.e2e.test.ts"},{"assertionResults":[{"ancestorTitles":["","Fixture contract helpers"],"fullName":" Fixture contract helpers requires a tenant identifier","status":"passed","title":"requires a tenant identifier","duration":57,"failureMessages":[]},{"ancestorTitles":["","Fixture contract helpers"],"fullName":" Fixture contract helpers normalises tenant slug payloads","status":"passed","title":"normalises tenant slug payloads","duration":50,"failureMessages":[]},{"ancestorTitles":["","Fixture contract helpers"],"fullName":" Fixture contract helpers maps fixture rows to SDK shape","status":"passed","title":"maps fixture rows to SDK shape","duration":43,"failureMessages":[]},{"ancestorTitles":["","Fixture contract helpers"],"fullName":" Fixture contract helpers maps result rows and merges scorer data","status":"passed","title":"maps result rows and merges scorer data","duration":43,"failureMessages":[]}],"startTime":1764344923002,"endTime":1764344923195,"status":"passed","message":"","name":"C:/dev/app-FRESH/backend/tests/fixtures.contract.test.ts"},{"assertionResults":[],"startTime":1764344903470,"endTime":1764344903470,"status":"failed","message":"Transform failed with 1 error:\nC:/dev/app-FRESH/backend/tests/magic-link-flow.e2e.test.ts:64:10: ERROR: Expected \":\" but found \"{\"","name":"C:/dev/app-FRESH/backend/tests/magic-link-flow.e2e.test.ts"},{"assertionResults":[{"ancestorTitles":["","Tenant Provisioning E2E Flow"],"fullName":" Tenant Provisioning E2E Flow completes full tenant provisioning workflow","status":"passed","title":"completes full tenant provisioning workflow","duration":58,"failureMessages":[]},{"ancestorTitles":["","Tenant Provisioning E2E Flow"],"fullName":" Tenant Provisioning E2E Flow handles provisioning with service JWT authentication","status":"passed","title":"handles provisioning with service JWT authentication","duration":56,"failureMessages":[]},{"ancestorTitles":["","Tenant Provisioning E2E Flow"],"fullName":" Tenant Provisioning E2E Flow enforces idempotency for duplicate provisioning requests","status":"passed","title":"enforces idempotency for duplicate provisioning requests","duration":45,"failureMessages":[]},{"ancestorTitles":["","Tenant Provisioning E2E Flow"],"fullName":" Tenant Provisioning E2E Flow handles provisioning failures gracefully","status":"passed","title":"handles provisioning failures gracefully","duration":40,"failureMessages":[]},{"ancestorTitles":["","Tenant Provisioning E2E Flow"],"fullName":" Tenant Provisioning E2E Flow validates tenant data before provisioning","status":"passed","title":"validates tenant data before provisioning","duration":39,"failureMessages":[]}],"startTime":1764344923013,"endTime":1764344923251,"status":"passed","message":"","name":"C:/dev/app-FRESH/backend/tests/provisioning-flow.e2e.test.ts"},{"assertionResults":[{"ancestorTitles":["","Push Notification E2E Flow"],"fullName":" Push Notification E2E Flow completes device registration and notification flow","status":"passed","title":"completes device registration and notification flow","duration":65,"failureMessages":[]},{"ancestorTitles":["","Push Notification E2E Flow"],"fullName":" Push Notification E2E Flow sends notifications to multiple registered devices","status":"passed","title":"sends notifications to multiple registered devices","duration":51,"failureMessages":[]},{"ancestorTitles":["","Push Notification E2E Flow"],"fullName":" Push Notification E2E Flow enforces tenant isolation for push notifications","status":"passed","title":"enforces tenant isolation for push notifications","duration":44,"failureMessages":[]},{"ancestorTitles":["","Push Notification E2E Flow"],"fullName":" Push Notification E2E Flow broadcasts notifications to all users in tenant","status":"passed","title":"broadcasts notifications to all users in tenant","duration":43,"failureMessages":[]},{"ancestorTitles":["","Push Notification E2E Flow"],"fullName":" Push Notification E2E Flow updates device token when re-registering same platform","status":"passed","title":"updates device token when re-registering same platform","duration":42,"failureMessages":[]},{"ancestorTitles":["","Push Notification E2E Flow"],"fullName":" Push Notification E2E Flow requires authentication for push notification operations","status":"passed","title":"requires authentication for push notification operations","duration":39,"failureMessages":[]}],"startTime":1764344923003,"endTime":1764344923287,"status":"passed","message":"","name":"C:/dev/app-FRESH/backend/tests/push-notification-flow.e2e.test.ts"},{"assertionResults":[{"ancestorTitles":["","🔒 Security Penetration Tests","Tenant Isolation Breach Attempts"],"fullName":" 🔒 Security Penetration Tests Tenant Isolation Breach Attempts blocks cross-tenant data access via JWT tenant_id manipulation","status":"passed","title":"blocks cross-tenant data access via JWT tenant_id manipulation","duration":51,"failureMessages":[]},{"ancestorTitles":["","🔒 Security Penetration Tests","Tenant Isolation Breach Attempts"],"fullName":" 🔒 Security Penetration Tests Tenant Isolation Breach Attempts blocks access to other tenant's config via KV key manipulation","status":"passed","title":"blocks access to other tenant's config via KV key manipulation","duration":46,"failureMessages":[]},{"ancestorTitles":["","🔒 Security Penetration Tests","JWT Security Breach Attempts"],"fullName":" 🔒 Security Penetration Tests JWT Security Breach Attempts rejects JWT with invalid signature","status":"passed","title":"rejects JWT with invalid signature","duration":42,"failureMessages":[]},{"ancestorTitles":["","🔒 Security Penetration Tests","JWT Security Breach Attempts"],"fullName":" 🔒 Security Penetration Tests JWT Security Breach Attempts rejects expired JWT","status":"passed","title":"rejects expired JWT","duration":38,"failureMessages":[]},{"ancestorTitles":["","🔒 Security Penetration Tests","JWT Security Breach Attempts"],"fullName":" 🔒 Security Penetration Tests JWT Security Breach Attempts rejects JWT with missing required claims","status":"passed","title":"rejects JWT with missing required claims","duration":40,"failureMessages":[]},{"ancestorTitles":["","🔒 Security Penetration Tests","JWT Security Breach Attempts"],"fullName":" 🔒 Security Penetration Tests JWT Security Breach Attempts rejects JWT with role escalation attempt","status":"failed","title":"rejects JWT with role escalation attempt","duration":13,"failureMessages":["expected 404 to be 403 // Object.is equality"],"location":{"line":213,"column":53}},{"ancestorTitles":["","🔒 Security Penetration Tests","Input Validation Breach Attempts"],"fullName":" 🔒 Security Penetration Tests Input Validation Breach Attempts blocks SQL injection attempts","status":"passed","title":"blocks SQL injection attempts","duration":25,"failureMessages":[]},{"ancestorTitles":["","🔒 Security Penetration Tests","Input Validation Breach Attempts"],"fullName":" 🔒 Security Penetration Tests Input Validation Breach Attempts blocks XSS attempts in post content","status":"passed","title":"blocks XSS attempts in post content","duration":28,"failureMessages":[]},{"ancestorTitles":["","🔒 Security Penetration Tests","Input Validation Breach Attempts"],"fullName":" 🔒 Security Penetration Tests Input Validation Breach Attempts blocks oversized payloads","status":"passed","title":"blocks oversized payloads","duration":74,"failureMessages":[]},{"ancestorTitles":["","🔒 Security Penetration Tests","Rate Limiting Bypass Attempts"],"fullName":" 🔒 Security Penetration Tests Rate Limiting Bypass Attempts enforces rate limits per IP","status":"passed","title":"enforces rate limits per IP","duration":31,"failureMessages":[]},{"ancestorTitles":["","🔒 Security Penetration Tests","CORS Security"],"fullName":" 🔒 Security Penetration Tests CORS Security blocks requests from unauthorized origins","status":"passed","title":"blocks requests from unauthorized origins","duration":21,"failureMessages":[]},{"ancestorTitles":["","🔒 Security Penetration Tests","CORS Security"],"fullName":" 🔒 Security Penetration Tests CORS Security allows requests from authorized origins","status":"passed","title":"allows requests from authorized origins","duration":19,"failureMessages":[]}],"startTime":1764344923019,"endTime":1764344923590,"status":"failed","message":"","name":"C:/dev/app-FRESH/backend/tests/security.penetration.test.ts"},{"assertionResults":[{"ancestorTitles":["","tenant provisioning"],"fullName":" tenant provisioning issues admin tokens that can call admin routes","status":"failed","title":"issues admin tokens that can call admin routes","duration":23,"failureMessages":["expected 404 to be 200 // Object.is equality"],"location":{"line":64,"column":57}},{"ancestorTitles":["","tenant provisioning"],"fullName":" tenant provisioning allows platform admin JWTs to create tenants","status":"failed","title":"allows platform admin JWTs to create tenants","duration":11,"failureMessages":["expected 404 to be 200 // Object.is equality"],"location":{"line":93,"column":56}}],"startTime":1764344923002,"endTime":1764344923077,"status":"failed","message":"","name":"C:/dev/app-FRESH/backend/tests/signup.integration.test.ts"},{"assertionResults":[{"ancestorTitles":["","Multi-Tenant Isolation E2E"],"fullName":" Multi-Tenant Isolation E2E tenant A cannot access tenant B's data","status":"passed","title":"tenant A cannot access tenant B's data","duration":63,"failureMessages":[]},{"ancestorTitles":["","Multi-Tenant Isolation E2E"],"fullName":" Multi-Tenant Isolation E2E tenant B cannot access tenant A's data","status":"passed","title":"tenant B cannot access tenant A's data","duration":50,"failureMessages":[]},{"ancestorTitles":["","Multi-Tenant Isolation E2E"],"fullName":" Multi-Tenant Isolation E2E tenant A can only see their own events","status":"passed","title":"tenant A can only see their own events","duration":43,"failureMessages":[]},{"ancestorTitles":["","Multi-Tenant Isolation E2E"],"fullName":" Multi-Tenant Isolation E2E tenant B can only see their own events","status":"passed","title":"tenant B can only see their own events","duration":42,"failureMessages":[]},{"ancestorTitles":["","Multi-Tenant Isolation E2E"],"fullName":" Multi-Tenant Isolation E2E JWT tenant_id claim is enforced for data access","status":"passed","title":"JWT tenant_id claim is enforced for data access","duration":43,"failureMessages":[]},{"ancestorTitles":["","Multi-Tenant Isolation E2E"],"fullName":" Multi-Tenant Isolation E2E ensures tenant isolation in database queries","status":"passed","title":"ensures tenant isolation in database queries","duration":43,"failureMessages":[]},{"ancestorTitles":["","Multi-Tenant Isolation E2E"],"fullName":" Multi-Tenant Isolation E2E prevents cross-tenant user access","status":"passed","title":"prevents cross-tenant user access","duration":35,"failureMessages":[]},{"ancestorTitles":["","Multi-Tenant Isolation E2E"],"fullName":" Multi-Tenant Isolation E2E validates tenant context in all API operations","status":"passed","title":"validates tenant context in all API operations","duration":35,"failureMessages":[]}],"startTime":1764344923008,"endTime":1764344923362,"status":"passed","message":"","name":"C:/dev/app-FRESH/backend/tests/tenant-isolation.e2e.test.ts"}]}